<?xml version="1.0" encoding="UTF-8"?>
<!-- Generated by org.testng.reporters.JUnitXMLReporter -->
<testsuite hostname="Manjunath-Uma" ignored="0" name="Scenarios" tests="1" failures="0" timestamp="2022-08-12T20:26:57 IST" time="0.837" errors="0">
  <testcase name="@BeforeClass setUpClass" time="0.655" classname="com.sgtesting.actitime.testsuite.DriverScript">
    <failure type="cucumber.runtime.DuplicateStepDefinitionException" message="Duplicate step definitions in com.sgtesting.actitime.stepdefinitions.LoginLogout.I_enter_the_username_in_username_text_field() in file:/F:/Esclipces/CucumberFrameWork/CucumberFrameWork/target/test-classes/ and com.sgtesting.actitime.stepdefinitions.CreateAndDeleteUser.I_enter_the_username_in_username_text_field() in file:/F:/Esclipces/CucumberFrameWork/CucumberFrameWork/target/test-classes/">
      <![CDATA[cucumber.runtime.DuplicateStepDefinitionException: Duplicate step definitions in com.sgtesting.actitime.stepdefinitions.LoginLogout.I_enter_the_username_in_username_text_field() in file:/F:/Esclipces/CucumberFrameWork/CucumberFrameWork/target/test-classes/ and com.sgtesting.actitime.stepdefinitions.CreateAndDeleteUser.I_enter_the_username_in_username_text_field() in file:/F:/Esclipces/CucumberFrameWork/CucumberFrameWork/target/test-classes/
at cucumber.runtime.RuntimeGlue.addStepDefinition(RuntimeGlue.java:33)
at cucumber.runtime.java.JavaBackend.addStepDefinition(JavaBackend.java:151)
at cucumber.runtime.java.MethodScanner.scan(MethodScanner.java:68)
at cucumber.runtime.java.MethodScanner.scan(MethodScanner.java:41)
at cucumber.runtime.java.JavaBackend.loadGlue(JavaBackend.java:86)
at cucumber.runtime.Runtime.<init>(Runtime.java:92)
at cucumber.runtime.Runtime.<init>(Runtime.java:70)
at cucumber.runtime.Runtime.<init>(Runtime.java:66)
at cucumber.api.testng.TestNGCucumberRunner.<init>(TestNGCucumberRunner.java:42)
at com.sgtesting.actitime.testsuite.DriverScript.setUpClass(DriverScript.java:22)
at java.util.ArrayList.forEach(ArrayList.java:1257)
... Removed 25 stack frames]]>
    </failure>
  </testcase> <!-- @BeforeClass setUpClass -->
  <testcase name="@AfterClass tearDownClass" time="0.002" classname="com.sgtesting.actitime.testsuite.DriverScript">
    <failure type="java.lang.NullPointerException">
      <![CDATA[java.lang.NullPointerException
at com.sgtesting.actitime.testsuite.DriverScript.tearDownClass(DriverScript.java:41)
at java.util.ArrayList.forEach(ArrayList.java:1257)
... Removed 25 stack frames]]>
    </failure>
  </testcase> <!-- @AfterClass tearDownClass -->
  <testcase name="feature" time="0.0" classname="com.sgtesting.actitime.testsuite.DriverScript">
    <skipped/>
  </testcase> <!-- feature -->
</testsuite> <!-- Scenarios -->
