<?xml version="1.0" encoding="UTF-8"?>
<!-- Generated by org.testng.reporters.JUnitReportReporter -->
<testsuite skipped="1" hostname="Manjunath-Uma" name="com.sgtesting.actitime.testsuite.DriverScript" tests="3" failures="0" timestamp="2022-08-13T11:13:14 IST" time="1.418" errors="2">
  <testcase name="tearDownClass" time="0.001" classname="com.sgtesting.actitime.testsuite.DriverScript">
    <error type="java.lang.NullPointerException">
      <![CDATA[java.lang.NullPointerException
at com.sgtesting.actitime.testsuite.DriverScript.tearDownClass(DriverScript.java:41)
at sun.reflect.NativeMethodAccessorImpl.invoke0(Native Method)
at sun.reflect.NativeMethodAccessorImpl.invoke(NativeMethodAccessorImpl.java:62)
at sun.reflect.DelegatingMethodAccessorImpl.invoke(DelegatingMethodAccessorImpl.java:43)
at java.lang.reflect.Method.invoke(Method.java:498)
at org.testng.internal.MethodInvocationHelper.invokeMethod(MethodInvocationHelper.java:133)
at org.testng.internal.MethodInvocationHelper.invokeMethodConsideringTimeout(MethodInvocationHelper.java:62)
at org.testng.internal.ConfigInvoker.invokeConfigurationMethod(ConfigInvoker.java:385)
at org.testng.internal.ConfigInvoker.invokeConfigurations(ConfigInvoker.java:321)
at org.testng.internal.TestMethodWorker.invokeAfterClassMethods(TestMethodWorker.java:217)
at org.testng.internal.TestMethodWorker.run(TestMethodWorker.java:130)
at java.util.ArrayList.forEach(ArrayList.java:1257)
at org.testng.TestRunner.privateRun(TestRunner.java:794)
at org.testng.TestRunner.run(TestRunner.java:596)
at org.testng.SuiteRunner.runTest(SuiteRunner.java:377)
at org.testng.SuiteRunner.runSequentially(SuiteRunner.java:371)
at org.testng.SuiteRunner.privateRun(SuiteRunner.java:332)
at org.testng.SuiteRunner.run(SuiteRunner.java:276)
at org.testng.SuiteRunnerWorker.runSuite(SuiteRunnerWorker.java:53)
at org.testng.SuiteRunnerWorker.run(SuiteRunnerWorker.java:96)
at org.testng.TestNG.runSuitesSequentially(TestNG.java:1212)
at org.testng.TestNG.runSuitesLocally(TestNG.java:1134)
at org.testng.TestNG.runSuites(TestNG.java:1063)
at org.testng.TestNG.run(TestNG.java:1031)
at org.testng.remote.AbstractRemoteTestNG.run(AbstractRemoteTestNG.java:115)
at org.testng.remote.RemoteTestNG.initAndRun(RemoteTestNG.java:251)
at org.testng.remote.RemoteTestNG.main(RemoteTestNG.java:77)
]]>
    </error>
  </testcase> <!-- tearDownClass -->
  <system-out/>
  <testcase name="feature" time="0.000" classname="com.sgtesting.actitime.testsuite.DriverScript">
    <skipped/>
  </testcase> <!-- feature -->
  <system-out/>
  <testcase name="setUpClass" time="1.417" classname="com.sgtesting.actitime.testsuite.DriverScript">
    <error type="cucumber.runtime.DuplicateStepDefinitionException" message="Duplicate step definitions in com.sgtesting.actitime.stepdefinitions.LoginLogout.I_enter_the_password_in_password_text_field() in file:/F:/Esclipces/CucumberFrameWork/CucumberFrameWork/target/test-classes/ and com.sgtesting.actitime.stepdefinitions.CreateAndDeleteUser.I_enter_the_password_in_password_text_field() in file:/F:/Esclipces/CucumberFrameWork/CucumberFrameWork/target/test-classes/">
      <![CDATA[cucumber.runtime.DuplicateStepDefinitionException: Duplicate step definitions in com.sgtesting.actitime.stepdefinitions.LoginLogout.I_enter_the_password_in_password_text_field() in file:/F:/Esclipces/CucumberFrameWork/CucumberFrameWork/target/test-classes/ and com.sgtesting.actitime.stepdefinitions.CreateAndDeleteUser.I_enter_the_password_in_password_text_field() in file:/F:/Esclipces/CucumberFrameWork/CucumberFrameWork/target/test-classes/
at cucumber.runtime.RuntimeGlue.addStepDefinition(RuntimeGlue.java:33)
at cucumber.runtime.java.JavaBackend.addStepDefinition(JavaBackend.java:151)
at cucumber.runtime.java.MethodScanner.scan(MethodScanner.java:68)
at cucumber.runtime.java.MethodScanner.scan(MethodScanner.java:41)
at cucumber.runtime.java.JavaBackend.loadGlue(JavaBackend.java:86)
at cucumber.runtime.Runtime.<init>(Runtime.java:92)
at cucumber.runtime.Runtime.<init>(Runtime.java:70)
at cucumber.runtime.Runtime.<init>(Runtime.java:66)
at cucumber.api.testng.TestNGCucumberRunner.<init>(TestNGCucumberRunner.java:42)
at com.sgtesting.actitime.testsuite.DriverScript.setUpClass(DriverScript.java:22)
at sun.reflect.NativeMethodAccessorImpl.invoke0(Native Method)
at sun.reflect.NativeMethodAccessorImpl.invoke(NativeMethodAccessorImpl.java:62)
at sun.reflect.DelegatingMethodAccessorImpl.invoke(DelegatingMethodAccessorImpl.java:43)
at java.lang.reflect.Method.invoke(Method.java:498)
at org.testng.internal.MethodInvocationHelper.invokeMethod(MethodInvocationHelper.java:133)
at org.testng.internal.MethodInvocationHelper.invokeMethodConsideringTimeout(MethodInvocationHelper.java:62)
at org.testng.internal.ConfigInvoker.invokeConfigurationMethod(ConfigInvoker.java:385)
at org.testng.internal.ConfigInvoker.invokeConfigurations(ConfigInvoker.java:321)
at org.testng.internal.TestMethodWorker.invokeBeforeClassMethods(TestMethodWorker.java:176)
at org.testng.internal.TestMethodWorker.run(TestMethodWorker.java:122)
at java.util.ArrayList.forEach(ArrayList.java:1257)
at org.testng.TestRunner.privateRun(TestRunner.java:794)
at org.testng.TestRunner.run(TestRunner.java:596)
at org.testng.SuiteRunner.runTest(SuiteRunner.java:377)
at org.testng.SuiteRunner.runSequentially(SuiteRunner.java:371)
at org.testng.SuiteRunner.privateRun(SuiteRunner.java:332)
at org.testng.SuiteRunner.run(SuiteRunner.java:276)
at org.testng.SuiteRunnerWorker.runSuite(SuiteRunnerWorker.java:53)
at org.testng.SuiteRunnerWorker.run(SuiteRunnerWorker.java:96)
at org.testng.TestNG.runSuitesSequentially(TestNG.java:1212)
at org.testng.TestNG.runSuitesLocally(TestNG.java:1134)
at org.testng.TestNG.runSuites(TestNG.java:1063)
at org.testng.TestNG.run(TestNG.java:1031)
at org.testng.remote.AbstractRemoteTestNG.run(AbstractRemoteTestNG.java:115)
at org.testng.remote.RemoteTestNG.initAndRun(RemoteTestNG.java:251)
at org.testng.remote.RemoteTestNG.main(RemoteTestNG.java:77)
]]>
    </error>
  </testcase> <!-- setUpClass -->
  <system-out/>
</testsuite> <!-- com.sgtesting.actitime.testsuite.DriverScript -->
